<?xml version="1.0" encoding="UTF-8"?>
<testsuite xmlns:xsi="http://www.w3.org/2001/XMLSchema-instance" xsi:schemaLocation="https://maven.apache.org/surefire/maven-surefire-plugin/xsd/surefire-test-report.xsd" name="edu.pdx.cs410J.jsl.Project3IT" time="0.256" tests="37" errors="37" skipped="0" failures="0">
  <properties>
    <property name="java.runtime.name" value="OpenJDK Runtime Environment"/>
    <property name="sun.boot.library.path" value="/usr/lib/jvm/java-8-openjdk-amd64/jre/lib/amd64"/>
    <property name="java.vm.version" value="25.91-b14"/>
    <property name="java.vm.vendor" value="Oracle Corporation"/>
    <property name="maven.multiModuleProjectDirectory" value="/home/crayna/School/cs510j_project_1/apptbook"/>
    <property name="java.vendor.url" value="http://java.oracle.com/"/>
    <property name="path.separator" value=":"/>
    <property name="guice.disable.misplaced.annotation.check" value="true"/>
    <property name="java.vm.name" value="OpenJDK 64-Bit Server VM"/>
    <property name="file.encoding.pkg" value="sun.io"/>
    <property name="user.country" value="US"/>
    <property name="sun.java.launcher" value="SUN_STANDARD"/>
    <property name="sun.os.patch.level" value="unknown"/>
    <property name="java.vm.specification.name" value="Java Virtual Machine Specification"/>
    <property name="user.dir" value="/home/crayna/School/cs510j_project_1/apptbook"/>
    <property name="java.runtime.version" value="1.8.0_91-8u91-b14-0ubuntu4~16.04.1-b14"/>
    <property name="java.awt.graphicsenv" value="sun.awt.X11GraphicsEnvironment"/>
    <property name="java.endorsed.dirs" value="/usr/lib/jvm/java-8-openjdk-amd64/jre/lib/endorsed"/>
    <property name="os.arch" value="amd64"/>
    <property name="java.io.tmpdir" value="/tmp"/>
    <property name="line.separator" value="&#10;"/>
    <property name="java.vm.specification.vendor" value="Oracle Corporation"/>
    <property name="os.name" value="Linux"/>
    <property name="classworlds.conf" value="/usr/share/maven/bin/m2.conf"/>
    <property name="sun.jnu.encoding" value="UTF-8"/>
    <property name="java.library.path" value="/usr/java/packages/lib/amd64:/usr/lib/x86_64-linux-gnu/jni:/lib/x86_64-linux-gnu:/usr/lib/x86_64-linux-gnu:/usr/lib/jni:/lib:/usr/lib"/>
    <property name="java.specification.name" value="Java Platform API Specification"/>
    <property name="java.class.version" value="52.0"/>
    <property name="sun.management.compiler" value="HotSpot 64-Bit Tiered Compilers"/>
    <property name="os.version" value="4.4.0-31-generic"/>
    <property name="user.home" value="/home/crayna"/>
    <property name="user.timezone" value="America/Los_Angeles"/>
    <property name="java.awt.printerjob" value="sun.print.PSPrinterJob"/>
    <property name="file.encoding" value="UTF-8"/>
    <property name="java.specification.version" value="1.8"/>
    <property name="user.name" value="crayna"/>
    <property name="java.class.path" value="/usr/share/maven/boot/plexus-classworlds-2.x.jar"/>
    <property name="java.vm.specification.version" value="1.8"/>
    <property name="sun.arch.data.model" value="64"/>
    <property name="java.home" value="/usr/lib/jvm/java-8-openjdk-amd64/jre"/>
    <property name="sun.java.command" value="org.codehaus.plexus.classworlds.launcher.Launcher clean verify"/>
    <property name="java.specification.vendor" value="Oracle Corporation"/>
    <property name="user.language" value="en"/>
    <property name="awt.toolkit" value="sun.awt.X11.XToolkit"/>
    <property name="java.vm.info" value="mixed mode"/>
    <property name="java.version" value="1.8.0_91"/>
    <property name="java.ext.dirs" value="/usr/lib/jvm/java-8-openjdk-amd64/jre/lib/ext:/usr/java/packages/lib/ext"/>
    <property name="securerandom.source" value="file:/dev/./urandom"/>
    <property name="sun.boot.class.path" value="/usr/lib/jvm/java-8-openjdk-amd64/jre/lib/resources.jar:/usr/lib/jvm/java-8-openjdk-amd64/jre/lib/rt.jar:/usr/lib/jvm/java-8-openjdk-amd64/jre/lib/sunrsasign.jar:/usr/lib/jvm/java-8-openjdk-amd64/jre/lib/jsse.jar:/usr/lib/jvm/java-8-openjdk-amd64/jre/lib/jce.jar:/usr/lib/jvm/java-8-openjdk-amd64/jre/lib/charsets.jar:/usr/lib/jvm/java-8-openjdk-amd64/jre/lib/jfr.jar:/usr/lib/jvm/java-8-openjdk-amd64/jre/classes"/>
    <property name="java.vendor" value="Oracle Corporation"/>
    <property name="maven.home" value="/usr/share/maven"/>
    <property name="file.separator" value="/"/>
    <property name="java.vendor.url.bug" value="http://bugreport.sun.com/bugreport/"/>
    <property name="sun.cpu.endian" value="little"/>
    <property name="sun.io.unicode.encoding" value="UnicodeLittle"/>
    <property name="sun.desktop" value="gnome"/>
    <property name="sun.cpu.isalist" value=""/>
    <property name="org.apache.commons.logging.Log" value="org.apache.commons.logging.impl.SimpleLog"/>
  </properties>
  <testcase name="shouldWorkWith2DigitMonthFormat" classname="edu.pdx.cs410J.jsl.Project3IT" time="0.111">
    <error message="Class edu.pdx.cs410J.jsl.Project3 does not have a main method" type="java.lang.IllegalArgumentException">java.lang.IllegalArgumentException: Class edu.pdx.cs410J.jsl.Project3 does not have a main method
	at edu.pdx.cs410J.jsl.Project3IT.invokeMain(Project3IT.java:67)
	at edu.pdx.cs410J.jsl.Project3IT.shouldWorkWith2DigitMonthFormat(Project3IT.java:165)
</error>
  </testcase>
  <testcase name="shouldFailWith2DigitYearFormat" classname="edu.pdx.cs410J.jsl.Project3IT" time="0.003">
    <error message="Class edu.pdx.cs410J.jsl.Project3 does not have a main method" type="java.lang.IllegalArgumentException">java.lang.IllegalArgumentException: Class edu.pdx.cs410J.jsl.Project3 does not have a main method
	at edu.pdx.cs410J.jsl.Project3IT.invokeMain(Project3IT.java:67)
	at edu.pdx.cs410J.jsl.Project3IT.shouldFailWith2DigitYearFormat(Project3IT.java:118)
</error>
  </testcase>
  <testcase name="printOptionCouldBeInTheMiddle" classname="edu.pdx.cs410J.jsl.Project3IT" time="0.003">
    <error message="Class edu.pdx.cs410J.jsl.Project3 does not have a main method" type="java.lang.IllegalArgumentException">java.lang.IllegalArgumentException: Class edu.pdx.cs410J.jsl.Project3 does not have a main method
	at edu.pdx.cs410J.jsl.Project3IT.invokeMain(Project3IT.java:67)
	at edu.pdx.cs410J.jsl.Project3IT.printOptionCouldBeInTheMiddle(Project3IT.java:260)
</error>
  </testcase>
  <testcase name="shouldNotAllowDay0" classname="edu.pdx.cs410J.jsl.Project3IT" time="0.003">
    <error message="Class edu.pdx.cs410J.jsl.Project3 does not have a main method" type="java.lang.IllegalArgumentException">java.lang.IllegalArgumentException: Class edu.pdx.cs410J.jsl.Project3 does not have a main method
	at edu.pdx.cs410J.jsl.Project3IT.invokeMain(Project3IT.java:67)
	at edu.pdx.cs410J.jsl.Project3IT.shouldNotAllowDay0(Project3IT.java:232)
</error>
  </testcase>
  <testcase name="shouldNotAllowDayOver31" classname="edu.pdx.cs410J.jsl.Project3IT" time="0.002">
    <error message="Class edu.pdx.cs410J.jsl.Project3 does not have a main method" type="java.lang.IllegalArgumentException">java.lang.IllegalArgumentException: Class edu.pdx.cs410J.jsl.Project3 does not have a main method
	at edu.pdx.cs410J.jsl.Project3IT.invokeMain(Project3IT.java:67)
	at edu.pdx.cs410J.jsl.Project3IT.shouldNotAllowDayOver31(Project3IT.java:210)
</error>
  </testcase>
  <testcase name="shouldFailWhenOwnerNamesAreDifferent" classname="edu.pdx.cs410J.jsl.Project3IT" time="0.035">
    <error message="Class edu.pdx.cs410J.jsl.Project3 does not have a main method" type="java.lang.IllegalArgumentException">java.lang.IllegalArgumentException: Class edu.pdx.cs410J.jsl.Project3 does not have a main method
	at edu.pdx.cs410J.jsl.Project3IT.invokeMain(Project3IT.java:67)
	at edu.pdx.cs410J.jsl.Project3IT.shouldFailWhenOwnerNamesAreDifferent(Project3IT.java:601)
</error>
  </testcase>
  <testcase name="shouldPrettyPrintToStandardOutputStream" classname="edu.pdx.cs410J.jsl.Project3IT" time="0.001">
    <error message="Class edu.pdx.cs410J.jsl.Project3 does not have a main method" type="java.lang.IllegalArgumentException">java.lang.IllegalArgumentException: Class edu.pdx.cs410J.jsl.Project3 does not have a main method
	at edu.pdx.cs410J.jsl.Project3IT.invokeMain(Project3IT.java:67)
	at edu.pdx.cs410J.jsl.Project3IT.shouldPrettyPrintToStandardOutputStream(Project3IT.java:424)
</error>
  </testcase>
  <testcase name="shouldNotAllowMonthOver12" classname="edu.pdx.cs410J.jsl.Project3IT" time="0.001">
    <error message="Class edu.pdx.cs410J.jsl.Project3 does not have a main method" type="java.lang.IllegalArgumentException">java.lang.IllegalArgumentException: Class edu.pdx.cs410J.jsl.Project3 does not have a main method
	at edu.pdx.cs410J.jsl.Project3IT.invokeMain(Project3IT.java:67)
	at edu.pdx.cs410J.jsl.Project3IT.shouldNotAllowMonthOver12(Project3IT.java:199)
</error>
  </testcase>
  <testcase name="shouldFailWithIncorrectBeginDate" classname="edu.pdx.cs410J.jsl.Project3IT" time="0.001">
    <error message="Class edu.pdx.cs410J.jsl.Project3 does not have a main method" type="java.lang.IllegalArgumentException">java.lang.IllegalArgumentException: Class edu.pdx.cs410J.jsl.Project3 does not have a main method
	at edu.pdx.cs410J.jsl.Project3IT.invokeMain(Project3IT.java:67)
	at edu.pdx.cs410J.jsl.Project3IT.shouldFailWithIncorrectBeginDate(Project3IT.java:96)
</error>
  </testcase>
  <testcase name="testNoCommandLineArguments" classname="edu.pdx.cs410J.jsl.Project3IT" time="0.005">
    <error message="Class edu.pdx.cs410J.jsl.Project3 does not have a main method" type="java.lang.IllegalArgumentException">java.lang.IllegalArgumentException: Class edu.pdx.cs410J.jsl.Project3 does not have a main method
	at edu.pdx.cs410J.jsl.Project3IT.invokeMain(Project3IT.java:67)
	at edu.pdx.cs410J.jsl.Project3IT.testNoCommandLineArguments(Project3IT.java:75)
</error>
  </testcase>
  <testcase name="printOptionCouldBeAtFront" classname="edu.pdx.cs410J.jsl.Project3IT" time="0.003">
    <error message="Class edu.pdx.cs410J.jsl.Project3 does not have a main method" type="java.lang.IllegalArgumentException">java.lang.IllegalArgumentException: Class edu.pdx.cs410J.jsl.Project3 does not have a main method
	at edu.pdx.cs410J.jsl.Project3IT.invokeMain(Project3IT.java:67)
	at edu.pdx.cs410J.jsl.Project3IT.printOptionCouldBeAtFront(Project3IT.java:251)
</error>
  </testcase>
  <testcase name="shouldFailWithIncorrectEndDate" classname="edu.pdx.cs410J.jsl.Project3IT" time="0.001">
    <error message="Class edu.pdx.cs410J.jsl.Project3 does not have a main method" type="java.lang.IllegalArgumentException">java.lang.IllegalArgumentException: Class edu.pdx.cs410J.jsl.Project3 does not have a main method
	at edu.pdx.cs410J.jsl.Project3IT.invokeMain(Project3IT.java:67)
	at edu.pdx.cs410J.jsl.Project3IT.shouldFailWithIncorrectEndDate(Project3IT.java:107)
</error>
  </testcase>
  <testcase name="shouldFailWithoutFilename" classname="edu.pdx.cs410J.jsl.Project3IT" time="0.009">
    <error message="Class edu.pdx.cs410J.jsl.Project3 does not have a main method" type="java.lang.IllegalArgumentException">java.lang.IllegalArgumentException: Class edu.pdx.cs410J.jsl.Project3 does not have a main method
	at edu.pdx.cs410J.jsl.Project3IT.invokeMain(Project3IT.java:67)
	at edu.pdx.cs410J.jsl.Project3IT.shouldFailWithoutFilename(Project3IT.java:549)
</error>
  </testcase>
  <testcase name="printReadMeShouldWorkEvenWithOtherArguments" classname="edu.pdx.cs410J.jsl.Project3IT" time="0.001">
    <error message="Class edu.pdx.cs410J.jsl.Project3 does not have a main method" type="java.lang.IllegalArgumentException">java.lang.IllegalArgumentException: Class edu.pdx.cs410J.jsl.Project3 does not have a main method
	at edu.pdx.cs410J.jsl.Project3IT.invokeMain(Project3IT.java:67)
	at edu.pdx.cs410J.jsl.Project3IT.printReadMeShouldWorkEvenWithOtherArguments(Project3IT.java:289)
</error>
  </testcase>
  <testcase name="twoDateStringShouldWork" classname="edu.pdx.cs410J.jsl.Project3IT" time="0">
    <error message="Class edu.pdx.cs410J.jsl.Project3 does not have a main method" type="java.lang.IllegalArgumentException">java.lang.IllegalArgumentException: Class edu.pdx.cs410J.jsl.Project3 does not have a main method
	at edu.pdx.cs410J.jsl.Project3IT.invokeMain(Project3IT.java:67)
	at edu.pdx.cs410J.jsl.Project3IT.twoDateStringShouldWork(Project3IT.java:333)
</error>
  </testcase>
  <testcase name="wrongOptionShouldFail" classname="edu.pdx.cs410J.jsl.Project3IT" time="0.003">
    <error message="Class edu.pdx.cs410J.jsl.Project3 does not have a main method" type="java.lang.IllegalArgumentException">java.lang.IllegalArgumentException: Class edu.pdx.cs410J.jsl.Project3 does not have a main method
	at edu.pdx.cs410J.jsl.Project3IT.invokeMain(Project3IT.java:67)
	at edu.pdx.cs410J.jsl.Project3IT.wrongOptionShouldFail(Project3IT.java:299)
</error>
  </testcase>
  <testcase name="twoDateStringMissingEndDate" classname="edu.pdx.cs410J.jsl.Project3IT" time="0.001">
    <error message="Class edu.pdx.cs410J.jsl.Project3 does not have a main method" type="java.lang.IllegalArgumentException">java.lang.IllegalArgumentException: Class edu.pdx.cs410J.jsl.Project3 does not have a main method
	at edu.pdx.cs410J.jsl.Project3IT.invokeMain(Project3IT.java:67)
	at edu.pdx.cs410J.jsl.Project3IT.twoDateStringMissingEndDate(Project3IT.java:351)
</error>
  </testcase>
  <testcase name="wrongFileOptionShouldGenerateEmptyAppointmentBook" classname="edu.pdx.cs410J.jsl.Project3IT" time="0.004">
    <error message="Class edu.pdx.cs410J.jsl.Project3 does not have a main method" type="java.lang.IllegalArgumentException">java.lang.IllegalArgumentException: Class edu.pdx.cs410J.jsl.Project3 does not have a main method
	at edu.pdx.cs410J.jsl.Project3IT.invokeMain(Project3IT.java:67)
	at edu.pdx.cs410J.jsl.Project3IT.wrongFileOptionShouldGenerateEmptyAppointmentBook(Project3IT.java:313)
</error>
  </testcase>
  <testcase name="shouldPrettyPrintToStandardOutputStreamWithPrint" classname="edu.pdx.cs410J.jsl.Project3IT" time="0.003">
    <error message="Class edu.pdx.cs410J.jsl.Project3 does not have a main method" type="java.lang.IllegalArgumentException">java.lang.IllegalArgumentException: Class edu.pdx.cs410J.jsl.Project3 does not have a main method
	at edu.pdx.cs410J.jsl.Project3IT.invokeMain(Project3IT.java:67)
	at edu.pdx.cs410J.jsl.Project3IT.shouldPrettyPrintToStandardOutputStreamWithPrint(Project3IT.java:439)
</error>
  </testcase>
  <testcase name="shouldReadAndWriteToFileIfFileIsCorrect" classname="edu.pdx.cs410J.jsl.Project3IT" time="0.008">
    <error message="Class edu.pdx.cs410J.jsl.Project3 does not have a main method" type="java.lang.IllegalArgumentException">java.lang.IllegalArgumentException: Class edu.pdx.cs410J.jsl.Project3 does not have a main method
	at edu.pdx.cs410J.jsl.Project3IT.invokeMain(Project3IT.java:67)
	at edu.pdx.cs410J.jsl.Project3IT.shouldReadAndWriteToFileIfFileIsCorrect(Project3IT.java:382)
</error>
  </testcase>
  <testcase name="shouldNotWorkWith24HourFormat" classname="edu.pdx.cs410J.jsl.Project3IT" time="0.001">
    <error message="Class edu.pdx.cs410J.jsl.Project3 does not have a main method" type="java.lang.IllegalArgumentException">java.lang.IllegalArgumentException: Class edu.pdx.cs410J.jsl.Project3 does not have a main method
	at edu.pdx.cs410J.jsl.Project3IT.invokeMain(Project3IT.java:67)
	at edu.pdx.cs410J.jsl.Project3IT.shouldNotWorkWith24HourFormat(Project3IT.java:129)
</error>
  </testcase>
  <testcase name="shouldNotAllowMinuteOver59" classname="edu.pdx.cs410J.jsl.Project3IT" time="0.001">
    <error message="Class edu.pdx.cs410J.jsl.Project3 does not have a main method" type="java.lang.IllegalArgumentException">java.lang.IllegalArgumentException: Class edu.pdx.cs410J.jsl.Project3 does not have a main method
	at edu.pdx.cs410J.jsl.Project3IT.invokeMain(Project3IT.java:67)
	at edu.pdx.cs410J.jsl.Project3IT.shouldNotAllowMinuteOver59(Project3IT.java:188)
</error>
  </testcase>
  <testcase name="shouldWorkWith1DigitMonthFormat" classname="edu.pdx.cs410J.jsl.Project3IT" time="0.003">
    <error message="Class edu.pdx.cs410J.jsl.Project3 does not have a main method" type="java.lang.IllegalArgumentException">java.lang.IllegalArgumentException: Class edu.pdx.cs410J.jsl.Project3 does not have a main method
	at edu.pdx.cs410J.jsl.Project3IT.invokeMain(Project3IT.java:67)
	at edu.pdx.cs410J.jsl.Project3IT.shouldWorkWith1DigitMonthFormat(Project3IT.java:153)
</error>
  </testcase>
  <testcase name="printOptionShouldPrintAppointmentDescription" classname="edu.pdx.cs410J.jsl.Project3IT" time="0.001">
    <error message="Class edu.pdx.cs410J.jsl.Project3 does not have a main method" type="java.lang.IllegalArgumentException">java.lang.IllegalArgumentException: Class edu.pdx.cs410J.jsl.Project3 does not have a main method
	at edu.pdx.cs410J.jsl.Project3IT.invokeMain(Project3IT.java:67)
	at edu.pdx.cs410J.jsl.Project3IT.printOptionShouldPrintAppointmentDescription(Project3IT.java:242)
</error>
  </testcase>
  <testcase name="shouldPrettyPrintToFileWithTextFileAndPrint" classname="edu.pdx.cs410J.jsl.Project3IT" time="0.004">
    <error message="Class edu.pdx.cs410J.jsl.Project3 does not have a main method" type="java.lang.IllegalArgumentException">java.lang.IllegalArgumentException: Class edu.pdx.cs410J.jsl.Project3 does not have a main method
	at edu.pdx.cs410J.jsl.Project3IT.invokeMain(Project3IT.java:67)
	at edu.pdx.cs410J.jsl.Project3IT.shouldPrettyPrintToFileWithTextFileAndPrint(Project3IT.java:515)
</error>
  </testcase>
  <testcase name="shouldFailWithFileOptionInTheMiddleAndNoFilenameGivenTwoWordDateFormat" classname="edu.pdx.cs410J.jsl.Project3IT" time="0.001">
    <error message="Class edu.pdx.cs410J.jsl.Project3 does not have a main method" type="java.lang.IllegalArgumentException">java.lang.IllegalArgumentException: Class edu.pdx.cs410J.jsl.Project3 does not have a main method
	at edu.pdx.cs410J.jsl.Project3IT.invokeMain(Project3IT.java:67)
	at edu.pdx.cs410J.jsl.Project3IT.shouldFailWithFileOptionInTheMiddleAndNoFilenameGivenTwoWordDateFormat(Project3IT.java:571)
</error>
  </testcase>
  <testcase name="shouldNotAllowMonth0" classname="edu.pdx.cs410J.jsl.Project3IT" time="0">
    <error message="Class edu.pdx.cs410J.jsl.Project3 does not have a main method" type="java.lang.IllegalArgumentException">java.lang.IllegalArgumentException: Class edu.pdx.cs410J.jsl.Project3 does not have a main method
	at edu.pdx.cs410J.jsl.Project3IT.invokeMain(Project3IT.java:67)
	at edu.pdx.cs410J.jsl.Project3IT.shouldNotAllowMonth0(Project3IT.java:221)
</error>
  </testcase>
  <testcase name="shouldPrettyPrintToFileWithTextFile" classname="edu.pdx.cs410J.jsl.Project3IT" time="0.001">
    <error message="Class edu.pdx.cs410J.jsl.Project3 does not have a main method" type="java.lang.IllegalArgumentException">java.lang.IllegalArgumentException: Class edu.pdx.cs410J.jsl.Project3 does not have a main method
	at edu.pdx.cs410J.jsl.Project3IT.invokeMain(Project3IT.java:67)
	at edu.pdx.cs410J.jsl.Project3IT.shouldPrettyPrintToFileWithTextFile(Project3IT.java:499)
</error>
  </testcase>
  <testcase name="printReadMeWhenReadMeOptionSpecified" classname="edu.pdx.cs410J.jsl.Project3IT" time="0">
    <error message="Class edu.pdx.cs410J.jsl.Project3 does not have a main method" type="java.lang.IllegalArgumentException">java.lang.IllegalArgumentException: Class edu.pdx.cs410J.jsl.Project3 does not have a main method
	at edu.pdx.cs410J.jsl.Project3IT.invokeMain(Project3IT.java:67)
	at edu.pdx.cs410J.jsl.Project3IT.printReadMeWhenReadMeOptionSpecified(Project3IT.java:279)
</error>
  </testcase>
  <testcase name="shouldPrettyPrintToFile" classname="edu.pdx.cs410J.jsl.Project3IT" time="0.004">
    <error message="Class edu.pdx.cs410J.jsl.Project3 does not have a main method" type="java.lang.IllegalArgumentException">java.lang.IllegalArgumentException: Class edu.pdx.cs410J.jsl.Project3 does not have a main method
	at edu.pdx.cs410J.jsl.Project3IT.invokeMain(Project3IT.java:67)
	at edu.pdx.cs410J.jsl.Project3IT.shouldPrettyPrintToFile(Project3IT.java:413)
</error>
  </testcase>
  <testcase name="shouldWorkWith12HourFormat" classname="edu.pdx.cs410J.jsl.Project3IT" time="0.002">
    <error message="Class edu.pdx.cs410J.jsl.Project3 does not have a main method" type="java.lang.IllegalArgumentException">java.lang.IllegalArgumentException: Class edu.pdx.cs410J.jsl.Project3 does not have a main method
	at edu.pdx.cs410J.jsl.Project3IT.invokeMain(Project3IT.java:67)
	at edu.pdx.cs410J.jsl.Project3IT.shouldWorkWith12HourFormat(Project3IT.java:141)
</error>
  </testcase>
  <testcase name="shouldPrettyPrintToFileWithPrint" classname="edu.pdx.cs410J.jsl.Project3IT" time="0.002">
    <error message="Class edu.pdx.cs410J.jsl.Project3 does not have a main method" type="java.lang.IllegalArgumentException">java.lang.IllegalArgumentException: Class edu.pdx.cs410J.jsl.Project3 does not have a main method
	at edu.pdx.cs410J.jsl.Project3IT.invokeMain(Project3IT.java:67)
	at edu.pdx.cs410J.jsl.Project3IT.shouldPrettyPrintToFileWithPrint(Project3IT.java:480)
</error>
  </testcase>
  <testcase name="shouldPrettyPrintToStandardOutputStreamWithTextFileAndPrint" classname="edu.pdx.cs410J.jsl.Project3IT" time="0.001">
    <error message="Class edu.pdx.cs410J.jsl.Project3 does not have a main method" type="java.lang.IllegalArgumentException">java.lang.IllegalArgumentException: Class edu.pdx.cs410J.jsl.Project3 does not have a main method
	at edu.pdx.cs410J.jsl.Project3IT.invokeMain(Project3IT.java:67)
	at edu.pdx.cs410J.jsl.Project3IT.shouldPrettyPrintToStandardOutputStreamWithTextFileAndPrint(Project3IT.java:460)
</error>
  </testcase>
  <testcase name="appointmentDescriptionShouldNotPrintWithoutPrintOption" classname="edu.pdx.cs410J.jsl.Project3IT" time="0.002">
    <error message="Class edu.pdx.cs410J.jsl.Project3 does not have a main method" type="java.lang.IllegalArgumentException">java.lang.IllegalArgumentException: Class edu.pdx.cs410J.jsl.Project3 does not have a main method
	at edu.pdx.cs410J.jsl.Project3IT.invokeMain(Project3IT.java:67)
	at edu.pdx.cs410J.jsl.Project3IT.appointmentDescriptionShouldNotPrintWithoutPrintOption(Project3IT.java:269)
</error>
  </testcase>
  <testcase name="shouldFailWithFileOptionInTheMiddleAndNoFilenameGiven" classname="edu.pdx.cs410J.jsl.Project3IT" time="0.002">
    <error message="Class edu.pdx.cs410J.jsl.Project3 does not have a main method" type="java.lang.IllegalArgumentException">java.lang.IllegalArgumentException: Class edu.pdx.cs410J.jsl.Project3 does not have a main method
	at edu.pdx.cs410J.jsl.Project3IT.invokeMain(Project3IT.java:67)
	at edu.pdx.cs410J.jsl.Project3IT.shouldFailWithFileOptionInTheMiddleAndNoFilenameGiven(Project3IT.java:559)
</error>
  </testcase>
  <testcase name="shouldNotAllowHourOver23" classname="edu.pdx.cs410J.jsl.Project3IT" time="0">
    <error message="Class edu.pdx.cs410J.jsl.Project3 does not have a main method" type="java.lang.IllegalArgumentException">java.lang.IllegalArgumentException: Class edu.pdx.cs410J.jsl.Project3 does not have a main method
	at edu.pdx.cs410J.jsl.Project3IT.invokeMain(Project3IT.java:67)
	at edu.pdx.cs410J.jsl.Project3IT.shouldNotAllowHourOver23(Project3IT.java:177)
</error>
  </testcase>
  <testcase name="testTooManyCommandLineArguments" classname="edu.pdx.cs410J.jsl.Project3IT" time="0.003">
    <error message="Class edu.pdx.cs410J.jsl.Project3 does not have a main method" type="java.lang.IllegalArgumentException">java.lang.IllegalArgumentException: Class edu.pdx.cs410J.jsl.Project3 does not have a main method
	at edu.pdx.cs410J.jsl.Project3IT.invokeMain(Project3IT.java:67)
	at edu.pdx.cs410J.jsl.Project3IT.testTooManyCommandLineArguments(Project3IT.java:85)
</error>
  </testcase>
</testsuite>